c:\users\nga\desktop\gamecastlevania\castlevania\debug\vc140.pdb
c:\users\nga\desktop\gamecastlevania\castlevania\debug\vc140.idb
c:\users\nga\desktop\gamecastlevania\castlevania\debug\map.obj
c:\users\nga\desktop\gamecastlevania\castlevania\debug\moneybag400.obj
c:\users\nga\desktop\gamecastlevania\castlevania\debug\moneybag700.obj
c:\users\nga\desktop\gamecastlevania\castlevania\debug\mormingstar.obj
c:\users\nga\desktop\gamecastlevania\castlevania\debug\moving.obj
c:\users\nga\desktop\gamecastlevania\castlevania\debug\nennho.obj
c:\users\nga\desktop\gamecastlevania\castlevania\debug\pointformoney400.obj
c:\users\nga\desktop\gamecastlevania\castlevania\debug\pointformoney700.obj
c:\users\nga\desktop\gamecastlevania\castlevania\debug\quadtree.obj
c:\users\nga\desktop\gamecastlevania\castlevania\debug\quadtreenode.obj
c:\users\nga\desktop\gamecastlevania\castlevania\debug\quadtreeobject.obj
c:\users\nga\desktop\gamecastlevania\castlevania\debug\scenemain.obj
c:\users\nga\desktop\gamecastlevania\castlevania\debug\sound.obj
c:\users\nga\desktop\gamecastlevania\castlevania\debug\tilebackground.obj
c:\users\nga\desktop\gamecastlevania\castlevania\debug\ui.obj
c:\users\nga\desktop\gamecastlevania\castlevania\debug\utils.obj
c:\users\nga\desktop\gamecastlevania\castlevania\debug\vatchuyebstage.obj
c:\users\nga\desktop\gamecastlevania\castlevania\debug\watch.obj
c:\users\nga\desktop\gamecastlevania\castlevania\debug\water.obj
c:\users\nga\desktop\gamecastlevania\castlevania\debug\whip.obj
c:\users\nga\desktop\gamecastlevania\castlevania\debug\firebomb.obj
c:\users\nga\desktop\gamecastlevania\castlevania\debug\fishman.obj
c:\users\nga\desktop\gamecastlevania\castlevania\debug\fleaman.obj
c:\users\nga\desktop\gamecastlevania\castlevania\debug\food.obj
c:\users\nga\desktop\gamecastlevania\castlevania\debug\gachvun.obj
c:\users\nga\desktop\gamecastlevania\castlevania\debug\game.obj
c:\users\nga\desktop\gamecastlevania\castlevania\debug\gameobject.obj
c:\users\nga\desktop\gamecastlevania\castlevania\debug\gcamera.obj
c:\users\nga\desktop\gamecastlevania\castlevania\debug\global.obj
c:\users\nga\desktop\gamecastlevania\castlevania\debug\ground.obj
c:\users\nga\desktop\gamecastlevania\castlevania\debug\gsprite.obj
c:\users\nga\desktop\gamecastlevania\castlevania\debug\gtexture.obj
c:\users\nga\desktop\gamecastlevania\castlevania\debug\heart.obj
c:\users\nga\desktop\gamecastlevania\castlevania\debug\heartforbrickwall.obj
c:\users\nga\desktop\gamecastlevania\castlevania\debug\heartsmall.obj
c:\users\nga\desktop\gamecastlevania\castlevania\debug\item.obj
c:\users\nga\desktop\gamecastlevania\castlevania\debug\kitty.obj
c:\users\nga\desktop\gamecastlevania\castlevania\debug\luabanratuquai.obj
c:\users\nga\desktop\gamecastlevania\castlevania\debug\luadanhquai.obj
c:\users\nga\desktop\gamecastlevania\castlevania\debug\main.obj
c:\users\nga\desktop\gamecastlevania\castlevania\debug\background.obj
c:\users\nga\desktop\gamecastlevania\castlevania\debug\backgroundquadtree.obj
c:\users\nga\desktop\gamecastlevania\castlevania\debug\bats.obj
c:\users\nga\desktop\gamecastlevania\castlevania\debug\bonedragons.obj
c:\users\nga\desktop\gamecastlevania\castlevania\debug\breakwall.obj
c:\users\nga\desktop\gamecastlevania\castlevania\debug\ctimer.obj
c:\users\nga\desktop\gamecastlevania\castlevania\debug\danger.obj
c:\users\nga\desktop\gamecastlevania\castlevania\debug\dragon.obj
c:\users\nga\desktop\gamecastlevania\castlevania\debug\dsutil.obj
c:\users\nga\desktop\gamecastlevania\castlevania\debug\dxsound.obj
c:\users\nga\desktop\gamecastlevania\castlevania\debug\dxutil.obj
c:\users\nga\desktop\gamecastlevania\castlevania\debug\eagles.obj
c:\users\nga\desktop\gamecastlevania\castlevania\debug\enemy.obj
c:\users\nga\desktop\gamecastlevania\castlevania\debug\fire.obj
c:\users\nga\desktop\gamecastlevania\castlevania\debug\objectvukhi.obj
c:\users\nga\desktop\gamecastlevania\castlevania\debug\vukhifirebom.obj
c:\users\nga\desktop\gamecastlevania\castlevania\debug\luacuafirebom.obj
c:\users\nga\desktop\gamecastlevania\castlevania\debug\vukhidanger.obj
c:\users\nga\desktop\gamecastlevania\castlevania\debug\frankenstein.obj
c:\users\nga\desktop\gamecastlevania\debug\castlevania.ilk
c:\users\nga\desktop\gamecastlevania\debug\castlevania.exe
c:\users\nga\desktop\gamecastlevania\debug\castlevania.pdb
c:\users\nga\desktop\gamecastlevania\castlevania\debug\castlevania.tlog\cl.command.1.tlog
c:\users\nga\desktop\gamecastlevania\castlevania\debug\castlevania.tlog\cl.read.1.tlog
c:\users\nga\desktop\gamecastlevania\castlevania\debug\castlevania.tlog\cl.write.1.tlog
c:\users\nga\desktop\gamecastlevania\castlevania\debug\castlevania.tlog\link.command.1.tlog
c:\users\nga\desktop\gamecastlevania\castlevania\debug\castlevania.tlog\link.read.1.tlog
c:\users\nga\desktop\gamecastlevania\castlevania\debug\castlevania.tlog\link.write.1.tlog
